2016/08/08 11:06:58 [error] [exception.CHttpException.404] CHttpException: Unable to resolve the request "login". in /var/www/yii/framework/web/CWebApplication.php:286
Stack trace:
#0 /var/www/yii/framework/web/CWebApplication.php(141): CWebApplication->runController('login')
#1 /var/www/yii/framework/base/CApplication.php(185): CWebApplication->processRequest()
#2 /var/www/yii/provaOnline/index.php(13): CApplication->run()
#3 {main}
REQUEST_URI=/yii/provaOnline/index.php/login
---
2016/08/08 14:46:47 [error] [exception.CException] CException: SiteController and its behaviors do not have a method or closure named "baseUrl". in /var/www/yii/framework/base/CComponent.php:266
Stack trace:
#0 /var/www/yii/provaOnline/protected/views/site/index.php(4): CComponent->__call('baseUrl', Array)
#1 /var/www/yii/framework/web/CBaseController.php(126): require('/var/www/yii/pr...')
#2 /var/www/yii/framework/web/CBaseController.php(95): CBaseController->renderInternal('/var/www/yii/pr...', NULL, true)
#3 /var/www/yii/framework/web/CController.php(869): CBaseController->renderFile('/var/www/yii/pr...', NULL, true)
#4 /var/www/yii/framework/web/CController.php(782): CController->renderPartial('index', NULL, true)
#5 /var/www/yii/provaOnline/protected/controllers/SiteController.php(32): CController->render('index')
#6 /var/www/yii/framework/web/actions/CInlineAction.php(49): SiteController->actionIndex()
#7 /var/www/yii/framework/web/CController.php(308): CInlineAction->runWithParams(Array)
#8 /var/www/yii/framework/web/CController.php(286): CController->runAction(Object(CInlineAction))
#9 /var/www/yii/framework/web/CController.php(265): CController->runActionWithFilters(Object(CInlineAction), Array)
#10 /var/www/yii/framework/web/CWebApplication.php(282): CController->run('')
#11 /var/www/yii/framework/web/CWebApplication.php(141): CWebApplication->runController('')
#12 /var/www/yii/framework/base/CApplication.php(185): CWebApplication->processRequest()
#13 /var/www/yii/provaOnline/index.php(13): CApplication->run()
#14 {main}
REQUEST_URI=/yii/provaOnline/
---
2016/08/08 15:09:58 [error] [exception.CException] CException: Property "SiteController.baseUrl" is not defined. in /var/www/yii/framework/base/CComponent.php:130
Stack trace:
#0 /var/www/yii/provaOnline/protected/views/site/index.php(4): CComponent->__get('baseUrl')
#1 /var/www/yii/framework/web/CBaseController.php(126): require('/var/www/yii/pr...')
#2 /var/www/yii/framework/web/CBaseController.php(95): CBaseController->renderInternal('/var/www/yii/pr...', NULL, true)
#3 /var/www/yii/framework/web/CController.php(869): CBaseController->renderFile('/var/www/yii/pr...', NULL, true)
#4 /var/www/yii/framework/web/CController.php(782): CController->renderPartial('index', NULL, true)
#5 /var/www/yii/provaOnline/protected/controllers/SiteController.php(32): CController->render('index')
#6 /var/www/yii/framework/web/actions/CInlineAction.php(49): SiteController->actionIndex()
#7 /var/www/yii/framework/web/CController.php(308): CInlineAction->runWithParams(Array)
#8 /var/www/yii/framework/web/CController.php(286): CController->runAction(Object(CInlineAction))
#9 /var/www/yii/framework/web/CController.php(265): CController->runActionWithFilters(Object(CInlineAction), Array)
#10 /var/www/yii/framework/web/CWebApplication.php(282): CController->run('')
#11 /var/www/yii/framework/web/CWebApplication.php(141): CWebApplication->runController('')
#12 /var/www/yii/framework/base/CApplication.php(185): CWebApplication->processRequest()
#13 /var/www/yii/provaOnline/index.php(13): CApplication->run()
#14 {main}
REQUEST_URI=/yii/provaOnline/
---
2016/08/08 15:36:47 [error] [exception.CException] CException: Property "SiteController.baseUrl" is not defined. in /var/www/yii/framework/base/CComponent.php:130
Stack trace:
#0 /var/www/yii/provaOnline/protected/views/site/index.php(4): CComponent->__get('baseUrl')
#1 /var/www/yii/framework/web/CBaseController.php(126): require('/var/www/yii/pr...')
#2 /var/www/yii/framework/web/CBaseController.php(95): CBaseController->renderInternal('/var/www/yii/pr...', NULL, true)
#3 /var/www/yii/framework/web/CController.php(869): CBaseController->renderFile('/var/www/yii/pr...', NULL, true)
#4 /var/www/yii/framework/web/CController.php(782): CController->renderPartial('index', NULL, true)
#5 /var/www/yii/provaOnline/protected/controllers/SiteController.php(32): CController->render('index')
#6 /var/www/yii/framework/web/actions/CInlineAction.php(49): SiteController->actionIndex()
#7 /var/www/yii/framework/web/CController.php(308): CInlineAction->runWithParams(Array)
#8 /var/www/yii/framework/web/CController.php(286): CController->runAction(Object(CInlineAction))
#9 /var/www/yii/framework/web/CController.php(265): CController->runActionWithFilters(Object(CInlineAction), Array)
#10 /var/www/yii/framework/web/CWebApplication.php(282): CController->run('')
#11 /var/www/yii/framework/web/CWebApplication.php(141): CWebApplication->runController('')
#12 /var/www/yii/framework/base/CApplication.php(185): CWebApplication->processRequest()
#13 /var/www/yii/provaOnline/index.php(13): CApplication->run()
#14 {main}
REQUEST_URI=/yii/provaOnline/
---
2016/08/08 15:37:11 [error] [exception.CException] CException: CWebApplication and its behaviors do not have a method or closure named "baseUrl". in /var/www/yii/framework/base/CComponent.php:266
Stack trace:
#0 /var/www/yii/provaOnline/protected/views/site/index.php(4): CComponent->__call('baseUrl', Array)
#1 /var/www/yii/framework/web/CBaseController.php(126): require('/var/www/yii/pr...')
#2 /var/www/yii/framework/web/CBaseController.php(95): CBaseController->renderInternal('/var/www/yii/pr...', NULL, true)
#3 /var/www/yii/framework/web/CController.php(869): CBaseController->renderFile('/var/www/yii/pr...', NULL, true)
#4 /var/www/yii/framework/web/CController.php(782): CController->renderPartial('index', NULL, true)
#5 /var/www/yii/provaOnline/protected/controllers/SiteController.php(32): CController->render('index')
#6 /var/www/yii/framework/web/actions/CInlineAction.php(49): SiteController->actionIndex()
#7 /var/www/yii/framework/web/CController.php(308): CInlineAction->runWithParams(Array)
#8 /var/www/yii/framework/web/CController.php(286): CController->runAction(Object(CInlineAction))
#9 /var/www/yii/framework/web/CController.php(265): CController->runActionWithFilters(Object(CInlineAction), Array)
#10 /var/www/yii/framework/web/CWebApplication.php(282): CController->run('')
#11 /var/www/yii/framework/web/CWebApplication.php(141): CWebApplication->runController('')
#12 /var/www/yii/framework/base/CApplication.php(185): CWebApplication->processRequest()
#13 /var/www/yii/provaOnline/index.php(13): CApplication->run()
#14 {main}
REQUEST_URI=/yii/provaOnline/
---
2016/08/08 15:42:37 [error] [exception.CHttpException.404] CHttpException: Unable to resolve the request "phpmyadmin". in /var/www/yii/framework/web/CWebApplication.php:286
Stack trace:
#0 /var/www/yii/framework/web/CWebApplication.php(141): CWebApplication->runController('phpmyadmin')
#1 /var/www/yii/framework/base/CApplication.php(185): CWebApplication->processRequest()
#2 /var/www/yii/provaOnline/index.php(13): CApplication->run()
#3 {main}
REQUEST_URI=/yii/provaOnline/index.php/phpmyadmin
---
2016/08/08 15:42:39 [error] [exception.CHttpException.404] CHttpException: Unable to resolve the request "phpmyadmin.php". in /var/www/yii/framework/web/CWebApplication.php:286
Stack trace:
#0 /var/www/yii/framework/web/CWebApplication.php(141): CWebApplication->runController('phpmyadmin.php')
#1 /var/www/yii/framework/base/CApplication.php(185): CWebApplication->processRequest()
#2 /var/www/yii/provaOnline/index.php(13): CApplication->run()
#3 {main}
REQUEST_URI=/yii/provaOnline/index.php/phpmyadmin.php
---
2016/08/12 11:35:36 [error] [php] include(PDO.php): failed to open stream: No such file or directory (/var/www/yii/framework/YiiBase.php:432)
Stack trace:
#0 unknown(0): spl_autoload_call()
#1 /var/www/yii/framework/db/CDbConnection.php(441): class_exists()
#2 /var/www/yii/framework/db/CDbConnection.php(391): CDbConnection->createPdoInstance()
#3 /var/www/yii/framework/db/CDbConnection.php(347): CDbConnection->open()
#4 /var/www/yii/framework/db/CDbConnection.php(325): CDbConnection->setActive()
#5 /var/www/yii/framework/base/CModule.php(394): CDbConnection->init()
#6 /var/www/yii/framework/base/CModule.php(103): CWebApplication->getComponent()
#7 /var/www/yii/framework/gii/generators/model/ModelCode.php(60): CWebApplication->__get()
#8 /var/www/yii/framework/web/CFormModel.php(39): ModelCode->init()
#9 /var/www/yii/framework/gii/CCodeGenerator.php(153): ModelCode->__construct()
#10 /var/www/yii/framework/gii/CCodeGenerator.php(63): ModelGenerator->prepare()
#11 /var/www/yii/framework/web/actions/CInlineAction.php(49): ModelGenerator->actionIndex()
#12 /var/www/yii/framework/web/CController.php(308): CInlineAction->runWithParams()
#13 /var/www/yii/framework/web/CController.php(286): ModelGenerator->runAction()
#14 /var/www/yii/framework/web/CController.php(265): ModelGenerator->runActionWithFilters()
#15 /var/www/yii/framework/web/CWebApplication.php(282): ModelGenerator->run()
#16 /var/www/yii/framework/web/CWebApplication.php(141): CWebApplication->runController()
#17 /var/www/yii/framework/base/CApplication.php(185): CWebApplication->processRequest()
#18 /var/www/yii/provaOnline/index.php(13): CWebApplication->run()
REQUEST_URI=/yii/provaOnline/index.php/gii/model/index
in /var/www/yii/provaOnline/index.php (13)
2016/08/12 14:47:03 [error] [php] include(PDO.php): failed to open stream: No such file or directory (/var/www/yii/framework/YiiBase.php:432)
Stack trace:
#0 unknown(0): spl_autoload_call()
#1 /var/www/yii/framework/db/CDbConnection.php(441): class_exists()
#2 /var/www/yii/framework/db/CDbConnection.php(391): CDbConnection->createPdoInstance()
#3 /var/www/yii/framework/db/CDbConnection.php(347): CDbConnection->open()
#4 /var/www/yii/framework/db/CDbConnection.php(325): CDbConnection->setActive()
#5 /var/www/yii/framework/base/CModule.php(394): CDbConnection->init()
#6 /var/www/yii/framework/base/CModule.php(103): CWebApplication->getComponent()
#7 /var/www/yii/framework/gii/generators/model/ModelCode.php(60): CWebApplication->__get()
#8 /var/www/yii/framework/web/CFormModel.php(39): ModelCode->init()
#9 /var/www/yii/framework/gii/CCodeGenerator.php(153): ModelCode->__construct()
#10 /var/www/yii/framework/gii/CCodeGenerator.php(63): ModelGenerator->prepare()
#11 /var/www/yii/framework/web/actions/CInlineAction.php(49): ModelGenerator->actionIndex()
#12 /var/www/yii/framework/web/CController.php(308): CInlineAction->runWithParams()
#13 /var/www/yii/framework/web/CController.php(286): ModelGenerator->runAction()
#14 /var/www/yii/framework/web/CController.php(265): ModelGenerator->runActionWithFilters()
#15 /var/www/yii/framework/web/CWebApplication.php(282): ModelGenerator->run()
#16 /var/www/yii/framework/web/CWebApplication.php(141): CWebApplication->runController()
#17 /var/www/yii/framework/base/CApplication.php(185): CWebApplication->processRequest()
#18 /var/www/yii/provaOnline/index.php(13): CWebApplication->run()
REQUEST_URI=/yii/provaOnline/index.php/gii/model/index
in /var/www/yii/provaOnline/index.php (13)
